PLINK v1.90b4.4 64-bit (21 May 2017)
Options in effect:
  --freq
  --out AFR
  --vcf AFR.chr20.chunk1.1kg.all.vcf.gz

Hostname: ieu1205-k01f
Working directory: /Users/luches/Documents/Luca/tutorial 3 PLINK etc/plink-genetics
Start time: Fri Sep 20 15:33:36 2019

Random number seed: 1568986416
32768 MB RAM detected; reserving 16384 MB for main workspace.
--vcf: AFR-temporary.bed + AFR-temporary.bim + AFR-temporary.fam written.
95626 variants loaded from .bim file.
661 people (0 males, 0 females, 661 ambiguous) loaded from .fam.
Ambiguous sex IDs written to AFR.nosex .
Using 1 thread (no multithreaded calculations invoked).
Before main variant filters, 661 founders and 0 nonfounders present.
Calculating allele frequencies... done.
Total genotyping rate is 0.999762.
--freq: Allele frequencies (founders only) written to AFR.frq .

End time: Fri Sep 20 15:33:37 2019
